make: Entering directory `/var/www/html/smagtv/public/node_modules/engine.io/node_modules/uws/build'
  CXX(target) Release/obj.target/uws/src/Extensions.o
  CXX(target) Release/obj.target/uws/src/Group.o
In file included from ../src/WebSocketProtocol.h:5:0,
                 from ../src/WebSocket.h:4,
                 from ../src/Group.h:4,
                 from ../src/Group.cpp:1:
../src/Networking.h: In member function ‘void uS::NodeData::addAsync()’:
../src/Networking.h:130:59: error: invalid conversion from ‘void (*)(uv_async_t*) {aka void (*)(uv_async_s*)}’ to ‘uv_async_cb {aka void (*)(uv_async_s*, int)}’ [-fpermissive]
         uv_async_init(loop, async, NodeData::asyncCallback);
                                                           ^
In file included from ../src/uUV.h:5:0,
                 from ../src/Networking.h:55,
                 from ../src/WebSocketProtocol.h:5,
                 from ../src/WebSocket.h:4,
                 from ../src/Group.h:4,
                 from ../src/Group.cpp:1:
/usr/include/nodejs/deps/uv/include/uv.h:1186:15: error:   initializing argument 3 of ‘int uv_async_init(uv_loop_t*, uv_async_t*, uv_async_cb)’ [-fpermissive]
 UV_EXTERN int uv_async_init(uv_loop_t*, uv_async_t* async,
               ^
In file included from ../src/Group.cpp:2:0:
../src/Hub.h: At global scope:
../src/Hub.h:32:33: warning: missing initializer for member ‘z_stream_s::next_in’ [-Wmissing-field-initializers]
     z_stream inflationStream = {};
                                 ^
../src/Hub.h:32:33: warning: missing initializer for member ‘z_stream_s::avail_in’ [-Wmissing-field-initializers]
../src/Hub.h:32:33: warning: missing initializer for member ‘z_stream_s::total_in’ [-Wmissing-field-initializers]
../src/Hub.h:32:33: warning: missing initializer for member ‘z_stream_s::next_out’ [-Wmissing-field-initializers]
../src/Hub.h:32:33: warning: missing initializer for member ‘z_stream_s::avail_out’ [-Wmissing-field-initializers]
../src/Hub.h:32:33: warning: missing initializer for member ‘z_stream_s::total_out’ [-Wmissing-field-initializers]
../src/Hub.h:32:33: warning: missing initializer for member ‘z_stream_s::msg’ [-Wmissing-field-initializers]
../src/Hub.h:32:33: warning: missing initializer for member ‘z_stream_s::state’ [-Wmissing-field-initializers]
../src/Hub.h:32:33: warning: missing initializer for member ‘z_stream_s::zalloc’ [-Wmissing-field-initializers]
../src/Hub.h:32:33: warning: missing initializer for member ‘z_stream_s::zfree’ [-Wmissing-field-initializers]
../src/Hub.h:32:33: warning: missing initializer for member ‘z_stream_s::opaque’ [-Wmissing-field-initializers]
../src/Hub.h:32:33: warning: missing initializer for member ‘z_stream_s::data_type’ [-Wmissing-field-initializers]
../src/Hub.h:32:33: warning: missing initializer for member ‘z_stream_s::adler’ [-Wmissing-field-initializers]
../src/Hub.h:32:33: warning: missing initializer for member ‘z_stream_s::reserved’ [-Wmissing-field-initializers]
../src/Group.cpp: In instantiation of ‘void uWS::Group<isServer>::startAutoPing(int, std::string) [with bool isServer = true; std::string = std::basic_string<char>]’:
../src/Group.cpp:279:17:   required from here
../src/Group.cpp:41:64: error: invalid conversion from ‘void (*)(uv_timer_t*) {aka void (*)(uv_timer_s*)}’ to ‘uv_timer_cb {aka void (*)(uv_timer_s*, int)}’ [-fpermissive]
     uv_timer_start(timer, timerCallback, intervalMs, intervalMs);
                                                                ^
In file included from ../src/uUV.h:5:0,
                 from ../src/Networking.h:55,
                 from ../src/WebSocketProtocol.h:5,
                 from ../src/WebSocket.h:4,
                 from ../src/Group.h:4,
                 from ../src/Group.cpp:1:
/usr/include/nodejs/deps/uv/include/uv.h:1217:15: error:   initializing argument 2 of ‘int uv_timer_start(uv_timer_t*, uv_timer_cb, uint64_t, uint64_t)’ [-fpermissive]
 UV_EXTERN int uv_timer_start(uv_timer_t* handle,
               ^
../src/Group.cpp: In instantiation of ‘void uWS::Group<isServer>::addHttpSocket(uv_poll_t*) [with bool isServer = true; uv_poll_t = uv_poll_s]’:
../src/Group.cpp:279:17:   required from here
../src/Group.cpp:72:22: error: invalid user-defined conversion from ‘uWS::Group<isServer>::addHttpSocket(uv_poll_t*) [with bool isServer = true; uv_poll_t = uv_poll_s]::__lambda8’ to ‘uv_timer_cb {aka void (*)(uv_timer_s*, int)}’ [-fpermissive]
         }, 1000, 1000);
                      ^
../src/Group.cpp:62:59: note: candidate is: uWS::Group<isServer>::addHttpSocket(uv_poll_t*) [with bool isServer = true; uv_poll_t = uv_poll_s]::__lambda8::operator void (*)(uv_timer_t*)() const <near match>
         uv_timer_start(httpTimer, [](uv_timer_t *httpTimer) {
                                                           ^
../src/Group.cpp:62:59: note:   no known conversion for implicit ‘this’ parameter from ‘void (*)(uv_timer_t*) {aka void (*)(uv_timer_s*)}’ to ‘uv_timer_cb {aka void (*)(uv_timer_s*, int)}’
../src/Group.cpp: In instantiation of ‘void uWS::Group<isServer>::startAutoPing(int, std::string) [with bool isServer = false; std::string = std::basic_string<char>]’:
../src/Group.cpp:280:17:   required from here
../src/Group.cpp:41:64: error: invalid conversion from ‘void (*)(uv_timer_t*) {aka void (*)(uv_timer_s*)}’ to ‘uv_timer_cb {aka void (*)(uv_timer_s*, int)}’ [-fpermissive]
     uv_timer_start(timer, timerCallback, intervalMs, intervalMs);
                                                                ^
In file included from ../src/uUV.h:5:0,
                 from ../src/Networking.h:55,
                 from ../src/WebSocketProtocol.h:5,
                 from ../src/WebSocket.h:4,
                 from ../src/Group.h:4,
                 from ../src/Group.cpp:1:
/usr/include/nodejs/deps/uv/include/uv.h:1217:15: error:   initializing argument 2 of ‘int uv_timer_start(uv_timer_t*, uv_timer_cb, uint64_t, uint64_t)’ [-fpermissive]
 UV_EXTERN int uv_timer_start(uv_timer_t* handle,
               ^
../src/Group.cpp: In instantiation of ‘void uWS::Group<isServer>::addHttpSocket(uv_poll_t*) [with bool isServer = false; uv_poll_t = uv_poll_s]’:
../src/Group.cpp:280:17:   required from here
../src/Group.cpp:72:22: error: invalid user-defined conversion from ‘uWS::Group<isServer>::addHttpSocket(uv_poll_t*) [with bool isServer = false; uv_poll_t = uv_poll_s]::__lambda8’ to ‘uv_timer_cb {aka void (*)(uv_timer_s*, int)}’ [-fpermissive]
         }, 1000, 1000);
                      ^
../src/Group.cpp:62:59: note: candidate is: uWS::Group<isServer>::addHttpSocket(uv_poll_t*) [with bool isServer = false; uv_poll_t = uv_poll_s]::__lambda8::operator void (*)(uv_timer_t*)() const <near match>
         uv_timer_start(httpTimer, [](uv_timer_t *httpTimer) {
                                                           ^
../src/Group.cpp:62:59: note:   no known conversion for implicit ‘this’ parameter from ‘void (*)(uv_timer_t*) {aka void (*)(uv_timer_s*)}’ to ‘uv_timer_cb {aka void (*)(uv_timer_s*, int)}’
make: *** [Release/obj.target/uws/src/Group.o] Error 1
make: Leaving directory `/var/www/html/smagtv/public/node_modules/engine.io/node_modules/uws/build'
gyp ERR! build error 
gyp ERR! stack Error: `make` failed with exit code: 2
gyp ERR! stack     at ChildProcess.onExit (/usr/share/node-gyp/lib/build.js:267:23)
gyp ERR! stack     at ChildProcess.EventEmitter.emit (events.js:98:17)
gyp ERR! stack     at Process.ChildProcess._handle.onexit (child_process.js:797:12)
gyp ERR! System Linux 3.13.0-74-generic
gyp ERR! command "nodejs" "/usr/bin/node-gyp" "rebuild"
gyp ERR! cwd /var/www/html/smagtv/public/node_modules/engine.io/node_modules/uws
gyp ERR! node -v v0.10.25
gyp ERR! node-gyp -v v0.10.10
gyp ERR! not ok 
